<?xml version="1.0" encoding="UTF-8"?>
<!-- Generated by org.testng.reporters.JUnitReportReporter -->
<testsuite name="Test1" tests="4" time="5.071" ignored="1" failures="0" timestamp="28 十一月 2018 08:21:33 GMT" skipped="0" hostname="localhost" errors="0">
  <testcase name="testTesterHomeApi" time="0.469" classname="Test1"/>
  <testcase name="testTesterHome" time="1.597" classname="Test1"/>
  <testcase name="testSpec" time="1.897" classname="Test1"/>
  <testcase name="testTesterHomeJson" time="1.108" classname="Test1"/>
  <testcase name="testXML" classname="Test1">
    <skipped/>
  </testcase> <!-- testXML -->
</testsuite> <!-- Test1 -->
